2020-06-07 15:47:10,533 INFO o.a.j.u.JMeterUtils: Setting Locale to en_US
2020-06-07 15:47:10,569 INFO o.a.j.JMeter: Loading user properties from: user.properties
2020-06-07 15:47:10,575 INFO o.a.j.JMeter: Loading system properties from: system.properties
2020-06-07 15:47:10,596 INFO o.a.j.JMeter: Copyright (c) 1998-2017 The Apache Software Foundation
2020-06-07 15:47:10,596 INFO o.a.j.JMeter: Version 3.3 r1808647
2020-06-07 15:47:10,596 INFO o.a.j.JMeter: java.version=1.8.0_241
2020-06-07 15:47:10,597 INFO o.a.j.JMeter: java.vm.name=Java HotSpot(TM) 64-Bit Server VM
2020-06-07 15:47:10,597 INFO o.a.j.JMeter: os.name=Windows 7
2020-06-07 15:47:10,597 INFO o.a.j.JMeter: os.arch=amd64
2020-06-07 15:47:10,597 INFO o.a.j.JMeter: os.version=6.1
2020-06-07 15:47:10,597 INFO o.a.j.JMeter: file.encoding=Cp1252
2020-06-07 15:47:10,598 INFO o.a.j.JMeter: Max memory     =536870912
2020-06-07 15:47:10,598 INFO o.a.j.JMeter: Available Processors =4
2020-06-07 15:47:10,613 INFO o.a.j.JMeter: Default Locale=English (United States)
2020-06-07 15:47:10,614 INFO o.a.j.JMeter: JMeter  Locale=English (United States)
2020-06-07 15:47:10,614 INFO o.a.j.JMeter: JMeterHome=C:\Users\Megha\Documents\git_automation\LEEDOnlinePerformanceTest\jmeter
2020-06-07 15:47:10,615 INFO o.a.j.JMeter: user.dir  =C:\Users\Megha\Documents\git_automation\LEEDOnlinePerformanceTest\jmeter\bin
2020-06-07 15:47:10,616 INFO o.a.j.JMeter: PWD       =C:\Users\Megha\Documents\git_automation\LEEDOnlinePerformanceTest\jmeter\bin
2020-06-07 15:47:10,639 INFO o.a.j.JMeter: IP: 192.168.0.13 Name: Megha FullName: 192.168.0.13
2020-06-07 15:47:11,439 INFO o.a.j.g.a.LookAndFeelCommand: Using look and feel: javax.swing.plaf.metal.MetalLookAndFeel [Metal, CrossPlatform]
2020-06-07 15:47:11,449 INFO o.a.j.JMeter: Loaded icon properties from org/apache/jmeter/images/icon.properties
2020-06-07 15:47:13,090 INFO o.a.j.e.u.CompoundVariable: Note: Function class names must contain the string: '.functions.'
2020-06-07 15:47:13,090 INFO o.a.j.e.u.CompoundVariable: Note: Function class names must not contain the string: '.gui.'
2020-06-07 15:47:14,936 WARN o.j.r.PluginManager: Found JAR conflict: C:\Users\Megha\Documents\git_automation\LEEDOnlinePerformanceTest\jmeter\lib\commons-io-2.6.jar and C:\Users\Megha\Documents\git_automation\LEEDOnlinePerformanceTest\jmeter\lib\commons-io-2.5.jar
2020-06-07 15:47:16,061 INFO k.a.j.JMeterPluginsUtils: JMeter-Plugins.org v.1.4.0
2020-06-07 15:47:16,270 WARN o.a.j.g.u.MenuFactory: Configuration error, probably corrupt or missing third party library(jar) ? Could not create class: kg.apc.jmeter.reporters.LoadosophiaUploaderGui. java.lang.NoClassDefFoundError: org/apache/commons/httpclient/methods/multipart/PartSource
java.lang.NoClassDefFoundError: org/apache/commons/httpclient/methods/multipart/PartSource
	at kg.apc.jmeter.reporters.LoadosophiaUploaderGui.init(LoadosophiaUploaderGui.java:114) ~[JMeterPlugins-Standard.jar:?]
	at kg.apc.jmeter.reporters.LoadosophiaUploaderGui.<init>(LoadosophiaUploaderGui.java:28) ~[JMeterPlugins-Standard.jar:?]
	at sun.reflect.NativeConstructorAccessorImpl.newInstance0(Native Method) ~[?:1.8.0_241]
	at sun.reflect.NativeConstructorAccessorImpl.newInstance(Unknown Source) ~[?:1.8.0_241]
	at sun.reflect.DelegatingConstructorAccessorImpl.newInstance(Unknown Source) ~[?:1.8.0_241]
	at java.lang.reflect.Constructor.newInstance(Unknown Source) ~[?:1.8.0_241]
	at java.lang.Class.newInstance(Unknown Source) ~[?:1.8.0_241]
	at org.apache.jmeter.gui.util.MenuFactory.initializeMenus(MenuFactory.java:505) ~[ApacheJMeter_core.jar:3.3 r1808647]
	at org.apache.jmeter.gui.util.MenuFactory.<clinit>(MenuFactory.java:169) ~[ApacheJMeter_core.jar:3.3 r1808647]
	at org.apache.jmeter.control.gui.TestPlanGui.createPopupMenu(TestPlanGui.java:93) ~[ApacheJMeter_core.jar:3.3 r1808647]
	at org.apache.jmeter.gui.tree.JMeterTreeNode.createPopupMenu(JMeterTreeNode.java:156) ~[ApacheJMeter_core.jar:3.3 r1808647]
	at org.apache.jmeter.gui.action.EditCommand.doAction(EditCommand.java:46) ~[ApacheJMeter_core.jar:3.3 r1808647]
	at org.apache.jmeter.gui.action.ActionRouter.performAction(ActionRouter.java:80) ~[ApacheJMeter_core.jar:3.3 r1808647]
	at org.apache.jmeter.gui.action.ActionRouter.lambda$actionPerformed$0(ActionRouter.java:65) ~[ApacheJMeter_core.jar:3.3 r1808647]
	at java.awt.event.InvocationEvent.dispatch(Unknown Source) [?:1.8.0_241]
	at java.awt.EventQueue.dispatchEventImpl(Unknown Source) [?:1.8.0_241]
	at java.awt.EventQueue.access$500(Unknown Source) [?:1.8.0_241]
	at java.awt.EventQueue$3.run(Unknown Source) [?:1.8.0_241]
	at java.awt.EventQueue$3.run(Unknown Source) [?:1.8.0_241]
	at java.security.AccessController.doPrivileged(Native Method) ~[?:1.8.0_241]
	at java.security.ProtectionDomain$JavaSecurityAccessImpl.doIntersectionPrivilege(Unknown Source) [?:1.8.0_241]
	at java.awt.EventQueue.dispatchEvent(Unknown Source) [?:1.8.0_241]
	at java.awt.EventDispatchThread.pumpOneEventForFilters(Unknown Source) [?:1.8.0_241]
	at java.awt.EventDispatchThread.pumpEventsForFilter(Unknown Source) [?:1.8.0_241]
	at java.awt.EventDispatchThread.pumpEventsForHierarchy(Unknown Source) [?:1.8.0_241]
	at java.awt.EventDispatchThread.pumpEvents(Unknown Source) [?:1.8.0_241]
	at java.awt.EventDispatchThread.pumpEvents(Unknown Source) [?:1.8.0_241]
	at java.awt.EventDispatchThread.run(Unknown Source) [?:1.8.0_241]
Caused by: java.lang.ClassNotFoundException: org.apache.commons.httpclient.methods.multipart.PartSource
	at java.net.URLClassLoader.findClass(Unknown Source) ~[?:1.8.0_241]
	at java.lang.ClassLoader.loadClass(Unknown Source) ~[?:1.8.0_241]
	at java.lang.ClassLoader.loadClass(Unknown Source) ~[?:1.8.0_241]
	... 28 more
2020-06-07 15:47:16,758 INFO o.a.j.g.u.MenuFactory: Skipping org.apache.jmeter.assertions.BSFAssertion
2020-06-07 15:47:17,232 INFO o.a.j.g.u.MenuFactory: Skipping org.apache.jmeter.extractor.BSFPostProcessor
2020-06-07 15:47:17,274 INFO o.a.j.g.u.MenuFactory: Skipping org.apache.jmeter.modifiers.BSFPreProcessor
2020-06-07 15:47:17,329 INFO o.a.j.p.h.s.HTTPSamplerBase: Parser for text/html is org.apache.jmeter.protocol.http.parser.LagartoBasedHtmlParser
2020-06-07 15:47:17,329 INFO o.a.j.p.h.s.HTTPSamplerBase: Parser for application/xhtml+xml is org.apache.jmeter.protocol.http.parser.LagartoBasedHtmlParser
2020-06-07 15:47:17,330 INFO o.a.j.p.h.s.HTTPSamplerBase: Parser for application/xml is org.apache.jmeter.protocol.http.parser.LagartoBasedHtmlParser
2020-06-07 15:47:17,330 INFO o.a.j.p.h.s.HTTPSamplerBase: Parser for text/xml is org.apache.jmeter.protocol.http.parser.LagartoBasedHtmlParser
2020-06-07 15:47:17,331 INFO o.a.j.p.h.s.HTTPSamplerBase: Parser for text/vnd.wap.wml is org.apache.jmeter.protocol.http.parser.RegexpHTMLParser
2020-06-07 15:47:17,332 INFO o.a.j.p.h.s.HTTPSamplerBase: Parser for text/css is org.apache.jmeter.protocol.http.parser.CssParser
2020-06-07 15:47:17,946 INFO o.a.j.e.KeyToolUtils: keytool found at 'keytool'
2020-06-07 15:47:17,947 INFO o.a.j.p.h.p.ProxyControl: HTTP(S) Test Script Recorder SSL Proxy will use keys that support embedded 3rd party resources in file C:\Users\Megha\Documents\git_automation\LEEDOnlinePerformanceTest\jmeter\bin\proxyserver.jks
2020-06-07 15:47:18,139 INFO o.a.j.g.u.MenuFactory: Skipping org.apache.jmeter.protocol.java.sampler.BSFSampler
2020-06-07 15:47:18,182 INFO o.a.j.s.FileServer: Default base='C:\Users\Megha\Documents\git_automation\LEEDOnlinePerformanceTest\jmeter\bin'
2020-06-07 15:47:18,256 INFO o.a.j.g.u.MenuFactory: Skipping org.apache.jmeter.protocol.mongodb.config.MongoSourceElement
2020-06-07 15:47:18,256 INFO o.a.j.g.u.MenuFactory: Skipping org.apache.jmeter.protocol.mongodb.sampler.MongoScriptSampler
2020-06-07 15:47:18,285 INFO o.j.r.PluginManager: Plugins Status: [jpgc-graphs-basic=0.0.0-STOCK, jpgc-sense=0.0.0-STOCK, jpgc-cmd=0.0.0-STOCK, jpgc-graphs-composite=0.0.0-STOCK, jpgc-csl=0.0.0-STOCK, jpgc-functions=0.0.0-STOCK, jpgc-casutg=0.0.0-STOCK, jpgc-dummy=0.0.0-STOCK, jpgc-filterresults=0.0.0-STOCK, jpgc-ffw=0.0.0-STOCK, jpgc-fifo=0.0.0-STOCK, jpgc-mergeresults=0.0.0-STOCK, jpgc-perfmon=0.0.0-STOCK, jpgc-plugins-manager=0.19, jpgc-synthesis=0.0.0-STOCK, jpgc-plancheck=0.0.0-STOCK, jpgc-tst=0.0.0-STOCK, jpgc-wsc=0.0.0-STOCK, jmeter-core=3.3, jmeter-ftp=3.3, jmeter-http=3.3, jmeter-jdbc=3.3, jmeter-jms=3.3, jmeter-junit=3.3, jmeter-java=3.3, jmeter-ldap=3.3, jmeter-mail=3.3, jmeter-mongodb=3.3, jmeter-native=3.3, jmeter-tcp=3.3, jmeter-components=3.3, jpgc-standard=2.0]
2020-06-07 15:47:18,287 INFO o.j.r.PluginManagerMenuItem: Plugins Manager has upgrades: [jpgc-graphs-basic, jpgc-sense, jpgc-cmd, jpgc-graphs-composite, jpgc-csl, jpgc-functions, jpgc-casutg, jpgc-dummy, jpgc-filterresults, jpgc-ffw, jpgc-fifo, jpgc-mergeresults, jpgc-perfmon, jpgc-plugins-manager, jpgc-synthesis, jpgc-plancheck, jpgc-tst, jpgc-wsc]
2020-06-07 15:47:18,475 INFO o.a.j.g.u.MenuFactory: Skipping org.apache.jmeter.timers.BSFTimer
2020-06-07 15:47:18,493 INFO o.a.j.g.u.MenuFactory: Skipping org.apache.jmeter.visualizers.BSFListener
2020-06-07 15:47:18,600 INFO o.a.j.s.SampleResult: Note: Sample TimeStamps are START times
2020-06-07 15:47:18,600 INFO o.a.j.s.SampleResult: sampleresult.default.encoding is set to ISO-8859-1
2020-06-07 15:47:18,600 INFO o.a.j.s.SampleResult: sampleresult.useNanoTime=true
2020-06-07 15:47:18,600 INFO o.a.j.s.SampleResult: sampleresult.nanoThreadSleep=5000
2020-06-07 15:47:27,321 INFO o.a.j.g.a.Load: Loading file: C:\Users\Megha\Documents\git_automation\LEEDOnlinePerformanceTest\src\test\jmeter\LEEDOnlineTest.jmx
2020-06-07 15:47:27,323 INFO o.a.j.s.FileServer: Set new base='C:\Users\Megha\Documents\git_automation\LEEDOnlinePerformanceTest\src\test\jmeter'
2020-06-07 15:47:27,719 INFO o.a.j.s.SaveService: Testplan (JMX) version: 2.2. Testlog (JTL) version: 2.2
2020-06-07 15:47:27,744 INFO o.a.j.s.SaveService: Using SaveService properties file encoding UTF-8
2020-06-07 15:47:27,748 INFO o.a.j.s.SaveService: Using SaveService properties version 3.2
2020-06-07 15:47:27,755 INFO o.a.j.s.SaveService: Loading file: C:\Users\Megha\Documents\git_automation\LEEDOnlinePerformanceTest\src\test\jmeter\LEEDOnlineTest.jmx
2020-06-07 15:47:29,109 INFO o.a.j.p.h.c.CookieManager: Settings: Delete null: true Check: true Allow variable: true Save: false Prefix: COOKIE_
2020-06-07 15:47:29,113 INFO o.a.j.p.h.c.CacheManager: Will only cache the following methods: [GET]
2020-06-07 15:47:31,356 INFO o.a.j.s.FileServer: Set new base='C:\Users\Megha\Documents\git_automation\LEEDOnlinePerformanceTest\src\test\jmeter'
2020-06-07 15:48:50,053 INFO o.a.j.e.StandardJMeterEngine: Running the test!
2020-06-07 15:48:50,055 INFO o.a.j.s.SampleEvent: List of sample_variables: []
2020-06-07 15:48:50,056 INFO o.a.j.s.SampleEvent: List of sample_variables: []
2020-06-07 15:48:50,268 INFO o.a.j.g.u.JMeterMenuBar: setRunning(true, *local*)
2020-06-07 15:48:50,706 INFO o.a.j.e.StandardJMeterEngine: Starting ThreadGroup: 1 : Thread Group 
2020-06-07 15:48:50,706 INFO o.a.j.e.StandardJMeterEngine: Starting 1 threads for group Thread Group .
2020-06-07 15:48:50,706 INFO o.a.j.e.StandardJMeterEngine: Thread will continue on error
2020-06-07 15:48:50,707 INFO o.a.j.t.ThreadGroup: Starting thread group... number=1 threads=1 ramp-up=25 perThread=25000.0 delayedStart=false
2020-06-07 15:48:50,728 INFO o.a.j.t.ThreadGroup: Started thread group number 1
2020-06-07 15:48:50,728 INFO o.a.j.e.StandardJMeterEngine: All thread groups have been started
2020-06-07 15:48:50,751 INFO o.a.j.t.JMeterThread: Thread started: Thread Group  1-1
2020-06-07 15:48:50,763 INFO o.a.j.s.FileServer: Stored: Credentials.csv
2020-06-07 15:48:50,785 INFO o.a.j.p.h.s.HTTPHCAbstractImpl: Local host = Megha
2020-06-07 15:48:50,795 INFO o.a.j.p.h.s.HTTPHC4Impl: HTTP request retry count = 0
2020-06-07 15:48:50,883 INFO o.a.j.p.h.s.LazySchemeSocketFactory: Setting up HTTPS TrustAll Socket Factory
2020-06-07 15:48:50,887 INFO o.a.j.u.JsseSSLManager: Using default SSL protocol: TLS
2020-06-07 15:48:50,887 INFO o.a.j.u.JsseSSLManager: SSL session context: per-thread
2020-06-07 15:48:50,894 INFO o.a.j.u.SSLManager: JmeterKeyStore Location:  type JKS
2020-06-07 15:48:50,896 INFO o.a.j.u.SSLManager: KeyStore created OK
2020-06-07 15:48:50,896 WARN o.a.j.u.SSLManager: Keystore file not found, loading empty keystore
2020-06-07 15:48:51,141 INFO o.a.j.p.h.p.BaseParser: Created org.apache.jmeter.protocol.http.parser.LagartoBasedHtmlParser
2020-06-07 15:48:51,307 INFO o.a.j.p.h.s.ResourcesDownloader: Creating ResourcesDownloader with keepalive_inseconds : 60
2020-06-07 15:48:51,984 INFO o.a.j.p.h.p.BaseParser: Created org.apache.jmeter.protocol.http.parser.CssParser
2020-06-07 15:48:51,987 INFO o.a.j.p.h.p.BaseParser: Created org.apache.jmeter.protocol.http.parser.CssParser
2020-06-07 15:48:55,083 WARN c.h.c.r.e.LoggingCSSParseErrorHandler: Browser compliant mode skipped CSS from [9:43813] starting at token '-webkit-box-shadow' until [9:43874] to token '}' (based on com.helger.css.parser.ParseException: Encountered unexpected token: ":" ":"
    at line 9, column 43831.

Was expecting one of:

    "+"
    "-"
    "/"
    ";"
    "="
    "["
    "and"
    "expression("
    "from"
    "inherit"
    "not"
    "only"
    "or"
    "to"
    "}"
    <ANGLE_DEG>
    <ANGLE_GRAD>
    <ANGLE_RAD>
    <ANGLE_TURN>
    <CH>
    <COMMA>
    <DPCM>
    <DPI>
    <DPPX>
    <EM>
    <EX>
    <FR>
    <FREQ_HZ>
    <FREQ_KHZ>
    <FUNCTION>
    <FUNCTION_CALC>
    <HASH>
    <IDENT>
    <IMPORTANT_SYM>
    <LENGTH_CM>
    <LENGTH_IN>
    <LENGTH_MM>
    <LENGTH_PC>
    <LENGTH_PT>
    <LENGTH_Q>
    <NUMBER>
    <PERCENTAGE>
    <PX>
    <REM>
    <S>
    <STRING1>
    <STRING2>
    <TIME_MS>
    <TIME_S>
    <URANGE>
    <URL>
    <VH>
    <VMAX>
    <VMIN>
    <VW>
)
2020-06-07 15:48:55,423 WARN c.h.c.r.e.LoggingCSSParseErrorHandler: Browser compliant mode skipped CSS from [17:97395] starting at token ' ' until [17:97406] to token '}' (based on com.helger.css.parser.ParseException: Encountered unexpected token: "color" <IDENT>
    at line 17, column 97396.

Was expecting one of:

    ":"
    <S>
)
2020-06-07 15:48:55,748 INFO o.a.j.s.FileServer: Stored: DataDriven.csv
2020-06-07 15:49:07,311 WARN c.h.c.r.e.LoggingCSSParseErrorHandler: Browser compliant mode skipped CSS from [3491:30] starting at token 'active' until [3498:1] to token '}' (based on com.helger.css.parser.ParseException: Encountered unexpected token: ";" ";"
    at line 3491, column 36.

Was expecting one of:

    "."
    ":"
    ":not("
    "["
    <COMMA>
    <HASH>
    <LBRACE>
    <S>
)
2020-06-07 15:49:07,319 WARN c.h.c.r.e.LoggingCSSParseErrorHandler: Browser compliant mode skipped CSS from [3560:49] starting at token '
' until [3564:17] to token '}' (based on com.helger.css.parser.ParseException: Encountered unexpected token: "\r\n{" <LBRACE>
    at line 3561, column 48.

Was expecting one of:

    "."
    ":"
    ":not("
    "["
    <HASH>
    <PERCENTAGE>
    <S>
)
2020-06-07 15:49:07,332 WARN c.h.c.r.e.LoggingCSSParseErrorHandler: Browser compliant mode skipped CSS from [3672:40] starting at token '
		' until [3679:9] to token '}' (based on com.helger.css.parser.ParseException: Encountered unexpected token: "\r\n\t\t{" <LBRACE>
    at line 3673, column 55.

Was expecting one of:

    "."
    ":"
    ":not("
    "["
    <HASH>
    <PERCENTAGE>
    <S>
)
2020-06-07 15:49:07,334 WARN c.h.c.r.e.LoggingCSSParseErrorHandler: Browser compliant mode skipped CSS from [3684:41] starting at token '
		' until [3693:9] to token '}' (based on com.helger.css.parser.ParseException: Encountered unexpected token: "\r\n\t\t{" <LBRACE>
    at line 3685, column 56.

Was expecting one of:

    "."
    ":"
    ":not("
    "["
    <HASH>
    <PERCENTAGE>
    <S>
)
2020-06-07 15:49:07,375 WARN c.h.c.r.e.LoggingCSSParseErrorHandler: Browser compliant mode skipped CSS from [4580:17] starting at token ' ' until [4580:18] to token ';' (based on com.helger.css.parser.ParseException: Encountered unexpected token: ";" ";"
    at line 4580, column 18.

Was expecting one of:

    "+"
    "-"
    "["
    "and"
    "expression("
    "from"
    "inherit"
    "not"
    "only"
    "or"
    "to"
    <ANGLE_DEG>
    <ANGLE_GRAD>
    <ANGLE_RAD>
    <ANGLE_TURN>
    <CH>
    <DPCM>
    <DPI>
    <DPPX>
    <EM>
    <EX>
    <FR>
    <FREQ_HZ>
    <FREQ_KHZ>
    <FUNCTION>
    <FUNCTION_CALC>
    <HASH>
    <IDENT>
    <LENGTH_CM>
    <LENGTH_IN>
    <LENGTH_MM>
    <LENGTH_PC>
    <LENGTH_PT>
    <LENGTH_Q>
    <NUMBER>
    <PERCENTAGE>
    <PX>
    <REM>
    <S>
    <STRING1>
    <STRING2>
    <TIME_MS>
    <TIME_S>
    <URANGE>
    <URL>
    <VH>
    <VMAX>
    <VMIN>
    <VW>
)
2020-06-07 15:49:08,638 INFO o.a.j.m.JSR223PreProcessor: *************************************************************************************
2020-06-07 15:49:08,642 INFO o.a.j.m.JSR223PreProcessor: CreditCardNumberNew4111111111111111
2020-06-07 15:50:13,411 INFO o.a.j.m.JSR223PreProcessor: *************************************************************************************
2020-06-07 15:50:13,411 INFO o.a.j.m.JSR223PreProcessor: CreditCardNumberNew4111111111111111
2020-06-07 15:50:26,704 INFO o.a.j.m.JSR223PreProcessor: *************************************************************************************
2020-06-07 15:50:26,704 INFO o.a.j.m.JSR223PreProcessor: CreditCardNumberNew4111111111111111
2020-06-07 15:50:44,243 INFO o.a.j.s.FileServer: Stored: GroupProjectDataDriven.csv
2020-06-07 15:50:58,737 INFO o.a.j.m.JSR223PreProcessor: *************************************************************************************
2020-06-07 15:50:58,738 INFO o.a.j.m.JSR223PreProcessor: CreditCardNumberNew4111111111111111
2020-06-07 15:51:00,810 INFO o.a.j.s.FileServer: Stored: HomesDataDriven.csv
2020-06-07 15:51:12,443 INFO o.a.j.m.JSR223PreProcessor: *************************************************************************************
2020-06-07 15:51:12,443 INFO o.a.j.m.JSR223PreProcessor: CreditCardNumberNew4111111111111111
2020-06-07 15:51:16,977 INFO o.a.j.s.FileServer: Stored: CampusProjectDataDriven.csv
2020-06-07 15:52:06,811 ERROR o.a.j.e.JSR223PostProcessor: Problem in JSR223 script, JSR223 PostProcessor
javax.script.ScriptException: org.codehaus.groovy.control.MultipleCompilationErrorsException: startup failed:
Script97.groovy: 75: unable to resolve class Row 
 @ line 75, column 3.
   		for (Row row : sheet) {
     ^

Script97.groovy: 109: unable to resolve class Row 
 @ line 109, column 5.
   				for (Row row : sheet) {
       ^

Script97.groovy: 110: unable to resolve class Cell 
 @ line 110, column 6.
   					for (Cell cell : row) {
        ^

3 errors

	at org.codehaus.groovy.jsr223.GroovyScriptEngineImpl.eval(GroovyScriptEngineImpl.java:158) ~[groovy-all-2.4.12.jar:2.4.12]
	at javax.script.AbstractScriptEngine.eval(Unknown Source) ~[?:1.8.0_241]
	at org.apache.jmeter.util.JSR223TestElement.processFileOrScript(JSR223TestElement.java:222) ~[ApacheJMeter_core.jar:3.3 r1808647]
	at org.apache.jmeter.extractor.JSR223PostProcessor.process(JSR223PostProcessor.java:42) [ApacheJMeter_components.jar:3.3 r1808647]
	at org.apache.jmeter.threads.JMeterThread.runPostProcessors(JMeterThread.java:833) [ApacheJMeter_core.jar:3.3 r1808647]
	at org.apache.jmeter.threads.JMeterThread.executeSamplePackage(JMeterThread.java:524) [ApacheJMeter_core.jar:3.3 r1808647]
	at org.apache.jmeter.threads.JMeterThread.processSampler(JMeterThread.java:424) [ApacheJMeter_core.jar:3.3 r1808647]
	at org.apache.jmeter.threads.JMeterThread.run(JMeterThread.java:255) [ApacheJMeter_core.jar:3.3 r1808647]
	at java.lang.Thread.run(Unknown Source) [?:1.8.0_241]
Caused by: org.codehaus.groovy.control.MultipleCompilationErrorsException: startup failed:
Script97.groovy: 75: unable to resolve class Row 
 @ line 75, column 3.
   		for (Row row : sheet) {
     ^

Script97.groovy: 109: unable to resolve class Row 
 @ line 109, column 5.
   				for (Row row : sheet) {
       ^

Script97.groovy: 110: unable to resolve class Cell 
 @ line 110, column 6.
   					for (Cell cell : row) {
        ^

3 errors

	at org.codehaus.groovy.control.ErrorCollector.failIfErrors(ErrorCollector.java:310) ~[groovy-all-2.4.12.jar:2.4.12]
	at org.codehaus.groovy.control.CompilationUnit.applyToSourceUnits(CompilationUnit.java:958) ~[groovy-all-2.4.12.jar:2.4.12]
	at org.codehaus.groovy.control.CompilationUnit.doPhaseOperation(CompilationUnit.java:605) ~[groovy-all-2.4.12.jar:2.4.12]
	at org.codehaus.groovy.control.CompilationUnit.compile(CompilationUnit.java:554) ~[groovy-all-2.4.12.jar:2.4.12]
	at groovy.lang.GroovyClassLoader.doParseClass(GroovyClassLoader.java:298) ~[groovy-all-2.4.12.jar:2.4.12]
	at groovy.lang.GroovyClassLoader.parseClass(GroovyClassLoader.java:268) ~[groovy-all-2.4.12.jar:2.4.12]
	at groovy.lang.GroovyClassLoader.parseClass(GroovyClassLoader.java:254) ~[groovy-all-2.4.12.jar:2.4.12]
	at groovy.lang.GroovyClassLoader.parseClass(GroovyClassLoader.java:211) ~[groovy-all-2.4.12.jar:2.4.12]
	at org.codehaus.groovy.jsr223.GroovyScriptEngineImpl.getScriptClass(GroovyScriptEngineImpl.java:331) ~[groovy-all-2.4.12.jar:2.4.12]
	at org.codehaus.groovy.jsr223.GroovyScriptEngineImpl.eval(GroovyScriptEngineImpl.java:153) ~[groovy-all-2.4.12.jar:2.4.12]
	... 8 more
2020-06-07 15:52:07,581 ERROR o.a.j.e.JSR223PostProcessor: Problem in JSR223 script, JSR223 PostProcessor
javax.script.ScriptException: org.codehaus.groovy.control.MultipleCompilationErrorsException: startup failed:
Script99.groovy: 75: unable to resolve class Row 
 @ line 75, column 3.
   		for (Row row : sheet) {
     ^

Script99.groovy: 109: unable to resolve class Row 
 @ line 109, column 5.
   				for (Row row : sheet) {
       ^

Script99.groovy: 110: unable to resolve class Cell 
 @ line 110, column 6.
   					for (Cell cell : row) {
        ^

3 errors

	at org.codehaus.groovy.jsr223.GroovyScriptEngineImpl.eval(GroovyScriptEngineImpl.java:158) ~[groovy-all-2.4.12.jar:2.4.12]
	at javax.script.AbstractScriptEngine.eval(Unknown Source) ~[?:1.8.0_241]
	at org.apache.jmeter.util.JSR223TestElement.processFileOrScript(JSR223TestElement.java:222) ~[ApacheJMeter_core.jar:3.3 r1808647]
	at org.apache.jmeter.extractor.JSR223PostProcessor.process(JSR223PostProcessor.java:42) [ApacheJMeter_components.jar:3.3 r1808647]
	at org.apache.jmeter.threads.JMeterThread.runPostProcessors(JMeterThread.java:833) [ApacheJMeter_core.jar:3.3 r1808647]
	at org.apache.jmeter.threads.JMeterThread.executeSamplePackage(JMeterThread.java:524) [ApacheJMeter_core.jar:3.3 r1808647]
	at org.apache.jmeter.threads.JMeterThread.processSampler(JMeterThread.java:424) [ApacheJMeter_core.jar:3.3 r1808647]
	at org.apache.jmeter.threads.JMeterThread.run(JMeterThread.java:255) [ApacheJMeter_core.jar:3.3 r1808647]
	at java.lang.Thread.run(Unknown Source) [?:1.8.0_241]
Caused by: org.codehaus.groovy.control.MultipleCompilationErrorsException: startup failed:
Script99.groovy: 75: unable to resolve class Row 
 @ line 75, column 3.
   		for (Row row : sheet) {
     ^

Script99.groovy: 109: unable to resolve class Row 
 @ line 109, column 5.
   				for (Row row : sheet) {
       ^

Script99.groovy: 110: unable to resolve class Cell 
 @ line 110, column 6.
   					for (Cell cell : row) {
        ^

3 errors

	at org.codehaus.groovy.control.ErrorCollector.failIfErrors(ErrorCollector.java:310) ~[groovy-all-2.4.12.jar:2.4.12]
	at org.codehaus.groovy.control.CompilationUnit.applyToSourceUnits(CompilationUnit.java:958) ~[groovy-all-2.4.12.jar:2.4.12]
	at org.codehaus.groovy.control.CompilationUnit.doPhaseOperation(CompilationUnit.java:605) ~[groovy-all-2.4.12.jar:2.4.12]
	at org.codehaus.groovy.control.CompilationUnit.compile(CompilationUnit.java:554) ~[groovy-all-2.4.12.jar:2.4.12]
	at groovy.lang.GroovyClassLoader.doParseClass(GroovyClassLoader.java:298) ~[groovy-all-2.4.12.jar:2.4.12]
	at groovy.lang.GroovyClassLoader.parseClass(GroovyClassLoader.java:268) ~[groovy-all-2.4.12.jar:2.4.12]
	at groovy.lang.GroovyClassLoader.parseClass(GroovyClassLoader.java:254) ~[groovy-all-2.4.12.jar:2.4.12]
	at groovy.lang.GroovyClassLoader.parseClass(GroovyClassLoader.java:211) ~[groovy-all-2.4.12.jar:2.4.12]
	at org.codehaus.groovy.jsr223.GroovyScriptEngineImpl.getScriptClass(GroovyScriptEngineImpl.java:331) ~[groovy-all-2.4.12.jar:2.4.12]
	at org.codehaus.groovy.jsr223.GroovyScriptEngineImpl.eval(GroovyScriptEngineImpl.java:153) ~[groovy-all-2.4.12.jar:2.4.12]
	... 8 more
2020-06-07 15:52:24,325 ERROR o.a.j.e.JSR223PostProcessor: Problem in JSR223 script, JSR223 PostProcessor
javax.script.ScriptException: org.codehaus.groovy.control.MultipleCompilationErrorsException: startup failed:
Script101.groovy: 75: unable to resolve class Row 
 @ line 75, column 3.
   		for (Row row : sheet) {
     ^

Script101.groovy: 109: unable to resolve class Row 
 @ line 109, column 5.
   				for (Row row : sheet) {
       ^

Script101.groovy: 110: unable to resolve class Cell 
 @ line 110, column 6.
   					for (Cell cell : row) {
        ^

3 errors

	at org.codehaus.groovy.jsr223.GroovyScriptEngineImpl.eval(GroovyScriptEngineImpl.java:158) ~[groovy-all-2.4.12.jar:2.4.12]
	at javax.script.AbstractScriptEngine.eval(Unknown Source) ~[?:1.8.0_241]
	at org.apache.jmeter.util.JSR223TestElement.processFileOrScript(JSR223TestElement.java:222) ~[ApacheJMeter_core.jar:3.3 r1808647]
	at org.apache.jmeter.extractor.JSR223PostProcessor.process(JSR223PostProcessor.java:42) [ApacheJMeter_components.jar:3.3 r1808647]
	at org.apache.jmeter.threads.JMeterThread.runPostProcessors(JMeterThread.java:833) [ApacheJMeter_core.jar:3.3 r1808647]
	at org.apache.jmeter.threads.JMeterThread.executeSamplePackage(JMeterThread.java:524) [ApacheJMeter_core.jar:3.3 r1808647]
	at org.apache.jmeter.threads.JMeterThread.processSampler(JMeterThread.java:424) [ApacheJMeter_core.jar:3.3 r1808647]
	at org.apache.jmeter.threads.JMeterThread.run(JMeterThread.java:255) [ApacheJMeter_core.jar:3.3 r1808647]
	at java.lang.Thread.run(Unknown Source) [?:1.8.0_241]
Caused by: org.codehaus.groovy.control.MultipleCompilationErrorsException: startup failed:
Script101.groovy: 75: unable to resolve class Row 
 @ line 75, column 3.
   		for (Row row : sheet) {
     ^

Script101.groovy: 109: unable to resolve class Row 
 @ line 109, column 5.
   				for (Row row : sheet) {
       ^

Script101.groovy: 110: unable to resolve class Cell 
 @ line 110, column 6.
   					for (Cell cell : row) {
        ^

3 errors

	at org.codehaus.groovy.control.ErrorCollector.failIfErrors(ErrorCollector.java:310) ~[groovy-all-2.4.12.jar:2.4.12]
	at org.codehaus.groovy.control.CompilationUnit.applyToSourceUnits(CompilationUnit.java:958) ~[groovy-all-2.4.12.jar:2.4.12]
	at org.codehaus.groovy.control.CompilationUnit.doPhaseOperation(CompilationUnit.java:605) ~[groovy-all-2.4.12.jar:2.4.12]
	at org.codehaus.groovy.control.CompilationUnit.compile(CompilationUnit.java:554) ~[groovy-all-2.4.12.jar:2.4.12]
	at groovy.lang.GroovyClassLoader.doParseClass(GroovyClassLoader.java:298) ~[groovy-all-2.4.12.jar:2.4.12]
	at groovy.lang.GroovyClassLoader.parseClass(GroovyClassLoader.java:268) ~[groovy-all-2.4.12.jar:2.4.12]
	at groovy.lang.GroovyClassLoader.parseClass(GroovyClassLoader.java:254) ~[groovy-all-2.4.12.jar:2.4.12]
	at groovy.lang.GroovyClassLoader.parseClass(GroovyClassLoader.java:211) ~[groovy-all-2.4.12.jar:2.4.12]
	at org.codehaus.groovy.jsr223.GroovyScriptEngineImpl.getScriptClass(GroovyScriptEngineImpl.java:331) ~[groovy-all-2.4.12.jar:2.4.12]
	at org.codehaus.groovy.jsr223.GroovyScriptEngineImpl.eval(GroovyScriptEngineImpl.java:153) ~[groovy-all-2.4.12.jar:2.4.12]
	... 8 more
2020-06-07 15:52:26,321 INFO o.a.j.m.JSR223PreProcessor: *************************************************************************************
2020-06-07 15:52:26,321 INFO o.a.j.m.JSR223PreProcessor: CreditCardNumberNew4111111111111111
2020-06-07 15:53:14,706 INFO o.a.j.t.JMeterThread: Thread is done: Thread Group  1-1
2020-06-07 15:53:14,706 INFO o.a.j.t.JMeterThread: Thread finished: Thread Group  1-1
2020-06-07 15:53:14,718 INFO o.a.j.e.StandardJMeterEngine: Notifying test listeners of end of test
2020-06-07 15:53:14,721 INFO o.a.j.s.FileServer: Close: Credentials.csv
2020-06-07 15:53:14,723 INFO o.a.j.s.FileServer: Close: CampusProjectDataDriven.csv
2020-06-07 15:53:14,726 INFO o.a.j.s.FileServer: Close: GroupProjectDataDriven.csv
2020-06-07 15:53:14,728 INFO o.a.j.s.FileServer: Close: HomesDataDriven.csv
2020-06-07 15:53:14,731 INFO o.a.j.s.FileServer: Close: DataDriven.csv
2020-06-07 15:53:14,736 INFO o.a.j.g.u.JMeterMenuBar: setRunning(false, *local*)
2020-06-07 16:07:34,183 INFO o.a.j.e.StandardJMeterEngine: Running the test!
2020-06-07 16:07:34,184 INFO o.a.j.s.SampleEvent: List of sample_variables: []
2020-06-07 16:07:34,260 INFO o.a.j.g.u.JMeterMenuBar: setRunning(true, *local*)
2020-06-07 16:07:35,196 INFO o.a.j.e.StandardJMeterEngine: Starting ThreadGroup: 1 : Thread Group 
2020-06-07 16:07:35,196 INFO o.a.j.e.StandardJMeterEngine: Starting 1 threads for group Thread Group .
2020-06-07 16:07:35,197 INFO o.a.j.e.StandardJMeterEngine: Thread will continue on error
2020-06-07 16:07:35,197 INFO o.a.j.t.ThreadGroup: Starting thread group... number=1 threads=1 ramp-up=25 perThread=25000.0 delayedStart=false
2020-06-07 16:07:35,209 INFO o.a.j.t.ThreadGroup: Started thread group number 1
2020-06-07 16:07:35,219 INFO o.a.j.t.JMeterThread: Thread started: Thread Group  1-1
2020-06-07 16:07:35,221 INFO o.a.j.s.FileServer: Stored: Credentials.csv
2020-06-07 16:07:35,241 INFO o.a.j.e.StandardJMeterEngine: All thread groups have been started
2020-06-07 16:07:37,053 WARN c.h.c.r.e.LoggingCSSParseErrorHandler: Browser compliant mode skipped CSS from [9:43813] starting at token '-webkit-box-shadow' until [9:43874] to token '}' (based on com.helger.css.parser.ParseException: Encountered unexpected token: ":" ":"
    at line 9, column 43831.

Was expecting one of:

    "+"
    "-"
    "/"
    ";"
    "="
    "["
    "and"
    "expression("
    "from"
    "inherit"
    "not"
    "only"
    "or"
    "to"
    "}"
    <ANGLE_DEG>
    <ANGLE_GRAD>
    <ANGLE_RAD>
    <ANGLE_TURN>
    <CH>
    <COMMA>
    <DPCM>
    <DPI>
    <DPPX>
    <EM>
    <EX>
    <FR>
    <FREQ_HZ>
    <FREQ_KHZ>
    <FUNCTION>
    <FUNCTION_CALC>
    <HASH>
    <IDENT>
    <IMPORTANT_SYM>
    <LENGTH_CM>
    <LENGTH_IN>
    <LENGTH_MM>
    <LENGTH_PC>
    <LENGTH_PT>
    <LENGTH_Q>
    <NUMBER>
    <PERCENTAGE>
    <PX>
    <REM>
    <S>
    <STRING1>
    <STRING2>
    <TIME_MS>
    <TIME_S>
    <URANGE>
    <URL>
    <VH>
    <VMAX>
    <VMIN>
    <VW>
)
2020-06-07 16:07:37,459 WARN c.h.c.r.e.LoggingCSSParseErrorHandler: Browser compliant mode skipped CSS from [17:97395] starting at token ' ' until [17:97406] to token '}' (based on com.helger.css.parser.ParseException: Encountered unexpected token: "color" <IDENT>
    at line 17, column 97396.

Was expecting one of:

    ":"
    <S>
)
2020-06-07 16:07:37,712 INFO o.a.j.s.FileServer: Stored: DataDriven.csv
2020-06-07 16:07:47,686 WARN c.h.c.r.e.LoggingCSSParseErrorHandler: Browser compliant mode skipped CSS from [3491:30] starting at token 'active' until [3498:1] to token '}' (based on com.helger.css.parser.ParseException: Encountered unexpected token: ";" ";"
    at line 3491, column 36.

Was expecting one of:

    "."
    ":"
    ":not("
    "["
    <COMMA>
    <HASH>
    <LBRACE>
    <S>
)
2020-06-07 16:07:47,704 WARN c.h.c.r.e.LoggingCSSParseErrorHandler: Browser compliant mode skipped CSS from [3560:49] starting at token '
' until [3564:17] to token '}' (based on com.helger.css.parser.ParseException: Encountered unexpected token: "\r\n{" <LBRACE>
    at line 3561, column 48.

Was expecting one of:

    "."
    ":"
    ":not("
    "["
    <HASH>
    <PERCENTAGE>
    <S>
)
2020-06-07 16:07:47,728 WARN c.h.c.r.e.LoggingCSSParseErrorHandler: Browser compliant mode skipped CSS from [3672:40] starting at token '
		' until [3679:9] to token '}' (based on com.helger.css.parser.ParseException: Encountered unexpected token: "\r\n\t\t{" <LBRACE>
    at line 3673, column 55.

Was expecting one of:

    "."
    ":"
    ":not("
    "["
    <HASH>
    <PERCENTAGE>
    <S>
)
2020-06-07 16:07:47,744 WARN c.h.c.r.e.LoggingCSSParseErrorHandler: Browser compliant mode skipped CSS from [3684:41] starting at token '
		' until [3693:9] to token '}' (based on com.helger.css.parser.ParseException: Encountered unexpected token: "\r\n\t\t{" <LBRACE>
    at line 3685, column 56.

Was expecting one of:

    "."
    ":"
    ":not("
    "["
    <HASH>
    <PERCENTAGE>
    <S>
)
2020-06-07 16:07:47,826 WARN c.h.c.r.e.LoggingCSSParseErrorHandler: Browser compliant mode skipped CSS from [4580:17] starting at token ' ' until [4580:18] to token ';' (based on com.helger.css.parser.ParseException: Encountered unexpected token: ";" ";"
    at line 4580, column 18.

Was expecting one of:

    "+"
    "-"
    "["
    "and"
    "expression("
    "from"
    "inherit"
    "not"
    "only"
    "or"
    "to"
    <ANGLE_DEG>
    <ANGLE_GRAD>
    <ANGLE_RAD>
    <ANGLE_TURN>
    <CH>
    <DPCM>
    <DPI>
    <DPPX>
    <EM>
    <EX>
    <FR>
    <FREQ_HZ>
    <FREQ_KHZ>
    <FUNCTION>
    <FUNCTION_CALC>
    <HASH>
    <IDENT>
    <LENGTH_CM>
    <LENGTH_IN>
    <LENGTH_MM>
    <LENGTH_PC>
    <LENGTH_PT>
    <LENGTH_Q>
    <NUMBER>
    <PERCENTAGE>
    <PX>
    <REM>
    <S>
    <STRING1>
    <STRING2>
    <TIME_MS>
    <TIME_S>
    <URANGE>
    <URL>
    <VH>
    <VMAX>
    <VMIN>
    <VW>
)
2020-06-07 16:07:48,911 INFO o.a.j.m.JSR223PreProcessor: *************************************************************************************
2020-06-07 16:07:48,912 INFO o.a.j.m.JSR223PreProcessor: CreditCardNumberNew4111111111111111
2020-06-07 16:08:02,128 INFO o.a.j.m.JSR223PreProcessor: *************************************************************************************
2020-06-07 16:08:02,129 INFO o.a.j.m.JSR223PreProcessor: CreditCardNumberNew4111111111111111
2020-06-07 16:08:29,937 INFO o.a.j.m.JSR223PreProcessor: *************************************************************************************
2020-06-07 16:08:29,938 INFO o.a.j.m.JSR223PreProcessor: CreditCardNumberNew4111111111111111
2020-06-07 16:08:46,698 INFO o.a.j.s.FileServer: Stored: GroupProjectDataDriven.csv
2020-06-07 16:08:59,574 INFO o.a.j.m.JSR223PreProcessor: *************************************************************************************
2020-06-07 16:08:59,574 INFO o.a.j.m.JSR223PreProcessor: CreditCardNumberNew4111111111111111
2020-06-07 16:09:21,143 INFO o.a.j.s.FileServer: Stored: HomesDataDriven.csv
2020-06-07 16:09:32,682 INFO o.a.j.m.JSR223PreProcessor: *************************************************************************************
2020-06-07 16:09:32,682 INFO o.a.j.m.JSR223PreProcessor: CreditCardNumberNew4111111111111111
2020-06-07 16:09:37,125 INFO o.a.j.s.FileServer: Stored: CampusProjectDataDriven.csv
2020-06-07 16:09:47,388 ERROR o.a.j.e.JSR223PostProcessor: Problem in JSR223 script, JSR223 PostProcessor
javax.script.ScriptException: org.codehaus.groovy.control.MultipleCompilationErrorsException: startup failed:
Script209.groovy: 75: unable to resolve class Row 
 @ line 75, column 3.
   		for (Row row : sheet) {
     ^

Script209.groovy: 109: unable to resolve class Row 
 @ line 109, column 5.
   				for (Row row : sheet) {
       ^

Script209.groovy: 110: unable to resolve class Cell 
 @ line 110, column 6.
   					for (Cell cell : row) {
        ^

3 errors

	at org.codehaus.groovy.jsr223.GroovyScriptEngineImpl.eval(GroovyScriptEngineImpl.java:158) ~[groovy-all-2.4.12.jar:2.4.12]
	at javax.script.AbstractScriptEngine.eval(Unknown Source) ~[?:1.8.0_241]
	at org.apache.jmeter.util.JSR223TestElement.processFileOrScript(JSR223TestElement.java:222) ~[ApacheJMeter_core.jar:3.3 r1808647]
	at org.apache.jmeter.extractor.JSR223PostProcessor.process(JSR223PostProcessor.java:42) [ApacheJMeter_components.jar:3.3 r1808647]
	at org.apache.jmeter.threads.JMeterThread.runPostProcessors(JMeterThread.java:833) [ApacheJMeter_core.jar:3.3 r1808647]
	at org.apache.jmeter.threads.JMeterThread.executeSamplePackage(JMeterThread.java:524) [ApacheJMeter_core.jar:3.3 r1808647]
	at org.apache.jmeter.threads.JMeterThread.processSampler(JMeterThread.java:424) [ApacheJMeter_core.jar:3.3 r1808647]
	at org.apache.jmeter.threads.JMeterThread.run(JMeterThread.java:255) [ApacheJMeter_core.jar:3.3 r1808647]
	at java.lang.Thread.run(Unknown Source) [?:1.8.0_241]
Caused by: org.codehaus.groovy.control.MultipleCompilationErrorsException: startup failed:
Script209.groovy: 75: unable to resolve class Row 
 @ line 75, column 3.
   		for (Row row : sheet) {
     ^

Script209.groovy: 109: unable to resolve class Row 
 @ line 109, column 5.
   				for (Row row : sheet) {
       ^

Script209.groovy: 110: unable to resolve class Cell 
 @ line 110, column 6.
   					for (Cell cell : row) {
        ^

3 errors

	at org.codehaus.groovy.control.ErrorCollector.failIfErrors(ErrorCollector.java:310) ~[groovy-all-2.4.12.jar:2.4.12]
	at org.codehaus.groovy.control.CompilationUnit.applyToSourceUnits(CompilationUnit.java:958) ~[groovy-all-2.4.12.jar:2.4.12]
	at org.codehaus.groovy.control.CompilationUnit.doPhaseOperation(CompilationUnit.java:605) ~[groovy-all-2.4.12.jar:2.4.12]
	at org.codehaus.groovy.control.CompilationUnit.compile(CompilationUnit.java:554) ~[groovy-all-2.4.12.jar:2.4.12]
	at groovy.lang.GroovyClassLoader.doParseClass(GroovyClassLoader.java:298) ~[groovy-all-2.4.12.jar:2.4.12]
	at groovy.lang.GroovyClassLoader.parseClass(GroovyClassLoader.java:268) ~[groovy-all-2.4.12.jar:2.4.12]
	at groovy.lang.GroovyClassLoader.parseClass(GroovyClassLoader.java:254) ~[groovy-all-2.4.12.jar:2.4.12]
	at groovy.lang.GroovyClassLoader.parseClass(GroovyClassLoader.java:211) ~[groovy-all-2.4.12.jar:2.4.12]
	at org.codehaus.groovy.jsr223.GroovyScriptEngineImpl.getScriptClass(GroovyScriptEngineImpl.java:331) ~[groovy-all-2.4.12.jar:2.4.12]
	at org.codehaus.groovy.jsr223.GroovyScriptEngineImpl.eval(GroovyScriptEngineImpl.java:153) ~[groovy-all-2.4.12.jar:2.4.12]
	... 8 more
2020-06-07 16:09:47,969 ERROR o.a.j.e.JSR223PostProcessor: Problem in JSR223 script, JSR223 PostProcessor
javax.script.ScriptException: org.codehaus.groovy.control.MultipleCompilationErrorsException: startup failed:
Script211.groovy: 75: unable to resolve class Row 
 @ line 75, column 3.
   		for (Row row : sheet) {
     ^

Script211.groovy: 109: unable to resolve class Row 
 @ line 109, column 5.
   				for (Row row : sheet) {
       ^

Script211.groovy: 110: unable to resolve class Cell 
 @ line 110, column 6.
   					for (Cell cell : row) {
        ^

3 errors

	at org.codehaus.groovy.jsr223.GroovyScriptEngineImpl.eval(GroovyScriptEngineImpl.java:158) ~[groovy-all-2.4.12.jar:2.4.12]
	at javax.script.AbstractScriptEngine.eval(Unknown Source) ~[?:1.8.0_241]
	at org.apache.jmeter.util.JSR223TestElement.processFileOrScript(JSR223TestElement.java:222) ~[ApacheJMeter_core.jar:3.3 r1808647]
	at org.apache.jmeter.extractor.JSR223PostProcessor.process(JSR223PostProcessor.java:42) [ApacheJMeter_components.jar:3.3 r1808647]
	at org.apache.jmeter.threads.JMeterThread.runPostProcessors(JMeterThread.java:833) [ApacheJMeter_core.jar:3.3 r1808647]
	at org.apache.jmeter.threads.JMeterThread.executeSamplePackage(JMeterThread.java:524) [ApacheJMeter_core.jar:3.3 r1808647]
	at org.apache.jmeter.threads.JMeterThread.processSampler(JMeterThread.java:424) [ApacheJMeter_core.jar:3.3 r1808647]
	at org.apache.jmeter.threads.JMeterThread.run(JMeterThread.java:255) [ApacheJMeter_core.jar:3.3 r1808647]
	at java.lang.Thread.run(Unknown Source) [?:1.8.0_241]
Caused by: org.codehaus.groovy.control.MultipleCompilationErrorsException: startup failed:
Script211.groovy: 75: unable to resolve class Row 
 @ line 75, column 3.
   		for (Row row : sheet) {
     ^

Script211.groovy: 109: unable to resolve class Row 
 @ line 109, column 5.
   				for (Row row : sheet) {
       ^

Script211.groovy: 110: unable to resolve class Cell 
 @ line 110, column 6.
   					for (Cell cell : row) {
        ^

3 errors

	at org.codehaus.groovy.control.ErrorCollector.failIfErrors(ErrorCollector.java:310) ~[groovy-all-2.4.12.jar:2.4.12]
	at org.codehaus.groovy.control.CompilationUnit.applyToSourceUnits(CompilationUnit.java:958) ~[groovy-all-2.4.12.jar:2.4.12]
	at org.codehaus.groovy.control.CompilationUnit.doPhaseOperation(CompilationUnit.java:605) ~[groovy-all-2.4.12.jar:2.4.12]
	at org.codehaus.groovy.control.CompilationUnit.compile(CompilationUnit.java:554) ~[groovy-all-2.4.12.jar:2.4.12]
	at groovy.lang.GroovyClassLoader.doParseClass(GroovyClassLoader.java:298) ~[groovy-all-2.4.12.jar:2.4.12]
	at groovy.lang.GroovyClassLoader.parseClass(GroovyClassLoader.java:268) ~[groovy-all-2.4.12.jar:2.4.12]
	at groovy.lang.GroovyClassLoader.parseClass(GroovyClassLoader.java:254) ~[groovy-all-2.4.12.jar:2.4.12]
	at groovy.lang.GroovyClassLoader.parseClass(GroovyClassLoader.java:211) ~[groovy-all-2.4.12.jar:2.4.12]
	at org.codehaus.groovy.jsr223.GroovyScriptEngineImpl.getScriptClass(GroovyScriptEngineImpl.java:331) ~[groovy-all-2.4.12.jar:2.4.12]
	at org.codehaus.groovy.jsr223.GroovyScriptEngineImpl.eval(GroovyScriptEngineImpl.java:153) ~[groovy-all-2.4.12.jar:2.4.12]
	... 8 more
2020-06-07 16:10:05,201 ERROR o.a.j.e.JSR223PostProcessor: Problem in JSR223 script, JSR223 PostProcessor
javax.script.ScriptException: org.codehaus.groovy.control.MultipleCompilationErrorsException: startup failed:
Script213.groovy: 75: unable to resolve class Row 
 @ line 75, column 3.
   		for (Row row : sheet) {
     ^

Script213.groovy: 109: unable to resolve class Row 
 @ line 109, column 5.
   				for (Row row : sheet) {
       ^

Script213.groovy: 110: unable to resolve class Cell 
 @ line 110, column 6.
   					for (Cell cell : row) {
        ^

3 errors

	at org.codehaus.groovy.jsr223.GroovyScriptEngineImpl.eval(GroovyScriptEngineImpl.java:158) ~[groovy-all-2.4.12.jar:2.4.12]
	at javax.script.AbstractScriptEngine.eval(Unknown Source) ~[?:1.8.0_241]
	at org.apache.jmeter.util.JSR223TestElement.processFileOrScript(JSR223TestElement.java:222) ~[ApacheJMeter_core.jar:3.3 r1808647]
	at org.apache.jmeter.extractor.JSR223PostProcessor.process(JSR223PostProcessor.java:42) [ApacheJMeter_components.jar:3.3 r1808647]
	at org.apache.jmeter.threads.JMeterThread.runPostProcessors(JMeterThread.java:833) [ApacheJMeter_core.jar:3.3 r1808647]
	at org.apache.jmeter.threads.JMeterThread.executeSamplePackage(JMeterThread.java:524) [ApacheJMeter_core.jar:3.3 r1808647]
	at org.apache.jmeter.threads.JMeterThread.processSampler(JMeterThread.java:424) [ApacheJMeter_core.jar:3.3 r1808647]
	at org.apache.jmeter.threads.JMeterThread.run(JMeterThread.java:255) [ApacheJMeter_core.jar:3.3 r1808647]
	at java.lang.Thread.run(Unknown Source) [?:1.8.0_241]
Caused by: org.codehaus.groovy.control.MultipleCompilationErrorsException: startup failed:
Script213.groovy: 75: unable to resolve class Row 
 @ line 75, column 3.
   		for (Row row : sheet) {
     ^

Script213.groovy: 109: unable to resolve class Row 
 @ line 109, column 5.
   				for (Row row : sheet) {
       ^

Script213.groovy: 110: unable to resolve class Cell 
 @ line 110, column 6.
   					for (Cell cell : row) {
        ^

3 errors

	at org.codehaus.groovy.control.ErrorCollector.failIfErrors(ErrorCollector.java:310) ~[groovy-all-2.4.12.jar:2.4.12]
	at org.codehaus.groovy.control.CompilationUnit.applyToSourceUnits(CompilationUnit.java:958) ~[groovy-all-2.4.12.jar:2.4.12]
	at org.codehaus.groovy.control.CompilationUnit.doPhaseOperation(CompilationUnit.java:605) ~[groovy-all-2.4.12.jar:2.4.12]
	at org.codehaus.groovy.control.CompilationUnit.compile(CompilationUnit.java:554) ~[groovy-all-2.4.12.jar:2.4.12]
	at groovy.lang.GroovyClassLoader.doParseClass(GroovyClassLoader.java:298) ~[groovy-all-2.4.12.jar:2.4.12]
	at groovy.lang.GroovyClassLoader.parseClass(GroovyClassLoader.java:268) ~[groovy-all-2.4.12.jar:2.4.12]
	at groovy.lang.GroovyClassLoader.parseClass(GroovyClassLoader.java:254) ~[groovy-all-2.4.12.jar:2.4.12]
	at groovy.lang.GroovyClassLoader.parseClass(GroovyClassLoader.java:211) ~[groovy-all-2.4.12.jar:2.4.12]
	at org.codehaus.groovy.jsr223.GroovyScriptEngineImpl.getScriptClass(GroovyScriptEngineImpl.java:331) ~[groovy-all-2.4.12.jar:2.4.12]
	at org.codehaus.groovy.jsr223.GroovyScriptEngineImpl.eval(GroovyScriptEngineImpl.java:153) ~[groovy-all-2.4.12.jar:2.4.12]
	... 8 more
2020-06-07 16:10:07,107 INFO o.a.j.m.JSR223PreProcessor: *************************************************************************************
2020-06-07 16:10:07,107 INFO o.a.j.m.JSR223PreProcessor: CreditCardNumberNew4111111111111111
2020-06-07 16:10:56,733 INFO o.a.j.t.JMeterThread: Thread is done: Thread Group  1-1
2020-06-07 16:10:56,742 INFO o.a.j.t.JMeterThread: Thread finished: Thread Group  1-1
2020-06-07 16:10:56,746 INFO o.a.j.e.StandardJMeterEngine: Notifying test listeners of end of test
2020-06-07 16:10:56,747 INFO o.a.j.s.FileServer: Close: Credentials.csv
2020-06-07 16:10:56,751 INFO o.a.j.s.FileServer: Close: CampusProjectDataDriven.csv
2020-06-07 16:10:56,751 INFO o.a.j.s.FileServer: Close: GroupProjectDataDriven.csv
2020-06-07 16:10:56,752 INFO o.a.j.s.FileServer: Close: HomesDataDriven.csv
2020-06-07 16:10:56,752 INFO o.a.j.s.FileServer: Close: DataDriven.csv
2020-06-07 16:10:56,753 INFO o.a.j.g.u.JMeterMenuBar: setRunning(false, *local*)
2020-06-07 16:39:00,528 INFO o.a.j.e.StandardJMeterEngine: Running the test!
2020-06-07 16:39:00,528 INFO o.a.j.s.SampleEvent: List of sample_variables: []
2020-06-07 16:39:00,578 INFO o.a.j.g.u.JMeterMenuBar: setRunning(true, *local*)
2020-06-07 16:39:00,670 INFO o.a.j.e.StandardJMeterEngine: Starting ThreadGroup: 1 : Thread Group 
2020-06-07 16:39:00,670 INFO o.a.j.e.StandardJMeterEngine: Starting 1 threads for group Thread Group .
2020-06-07 16:39:00,670 INFO o.a.j.e.StandardJMeterEngine: Thread will continue on error
2020-06-07 16:39:00,670 INFO o.a.j.t.ThreadGroup: Starting thread group... number=1 threads=1 ramp-up=25 perThread=25000.0 delayedStart=false
2020-06-07 16:39:00,680 INFO o.a.j.t.ThreadGroup: Started thread group number 1
2020-06-07 16:39:00,680 INFO o.a.j.e.StandardJMeterEngine: All thread groups have been started
2020-06-07 16:39:00,720 INFO o.a.j.t.JMeterThread: Thread started: Thread Group  1-1
2020-06-07 16:39:00,730 INFO o.a.j.s.FileServer: Stored: Credentials.csv
2020-06-07 16:39:02,690 INFO o.a.j.s.FileServer: Stored: DataDriven.csv
2020-06-07 16:39:13,764 INFO o.a.j.m.JSR223PreProcessor: *************************************************************************************
2020-06-07 16:39:13,764 INFO o.a.j.m.JSR223PreProcessor: CreditCardNumberNew4111111111111111
2020-06-07 16:40:34,558 INFO o.a.j.m.JSR223PreProcessor: *************************************************************************************
2020-06-07 16:40:34,558 INFO o.a.j.m.JSR223PreProcessor: CreditCardNumberNew4111111111111111
2020-06-07 16:40:47,942 INFO o.a.j.m.JSR223PreProcessor: *************************************************************************************
2020-06-07 16:40:47,942 INFO o.a.j.m.JSR223PreProcessor: CreditCardNumberNew4111111111111111
2020-06-07 16:41:06,133 INFO o.a.j.s.FileServer: Stored: GroupProjectDataDriven.csv
2020-06-07 16:41:20,096 INFO o.a.j.m.JSR223PreProcessor: *************************************************************************************
2020-06-07 16:41:20,096 INFO o.a.j.m.JSR223PreProcessor: CreditCardNumberNew4111111111111111
2020-06-07 16:41:50,346 INFO o.a.j.s.FileServer: Stored: HomesDataDriven.csv
2020-06-07 16:42:02,281 INFO o.a.j.m.JSR223PreProcessor: *************************************************************************************
2020-06-07 16:42:02,281 INFO o.a.j.m.JSR223PreProcessor: CreditCardNumberNew4111111111111111
2020-06-07 16:42:06,375 INFO o.a.j.s.FileServer: Stored: CampusProjectDataDriven.csv
2020-06-07 16:42:16,170 ERROR o.a.j.e.JSR223PostProcessor: Problem in JSR223 script, JSR223 PostProcessor
javax.script.ScriptException: org.codehaus.groovy.control.MultipleCompilationErrorsException: startup failed:
Script321.groovy: 5: unable to resolve class org.apache.poi.xssf.usermodel.Row
 @ line 5, column 1.
   import org.apache.poi.xssf.usermodel.Row;
   ^

Script321.groovy: 6: unable to resolve class org.apache.poi.xssf.usermodel.Cell
 @ line 6, column 1.
   import org.apache.poi.xssf.usermodel.Cell;
   ^

2 errors

	at org.codehaus.groovy.jsr223.GroovyScriptEngineImpl.eval(GroovyScriptEngineImpl.java:158) ~[groovy-all-2.4.12.jar:2.4.12]
	at javax.script.AbstractScriptEngine.eval(Unknown Source) ~[?:1.8.0_241]
	at org.apache.jmeter.util.JSR223TestElement.processFileOrScript(JSR223TestElement.java:222) ~[ApacheJMeter_core.jar:3.3 r1808647]
	at org.apache.jmeter.extractor.JSR223PostProcessor.process(JSR223PostProcessor.java:42) [ApacheJMeter_components.jar:3.3 r1808647]
	at org.apache.jmeter.threads.JMeterThread.runPostProcessors(JMeterThread.java:833) [ApacheJMeter_core.jar:3.3 r1808647]
	at org.apache.jmeter.threads.JMeterThread.executeSamplePackage(JMeterThread.java:524) [ApacheJMeter_core.jar:3.3 r1808647]
	at org.apache.jmeter.threads.JMeterThread.processSampler(JMeterThread.java:424) [ApacheJMeter_core.jar:3.3 r1808647]
	at org.apache.jmeter.threads.JMeterThread.run(JMeterThread.java:255) [ApacheJMeter_core.jar:3.3 r1808647]
	at java.lang.Thread.run(Unknown Source) [?:1.8.0_241]
Caused by: org.codehaus.groovy.control.MultipleCompilationErrorsException: startup failed:
Script321.groovy: 5: unable to resolve class org.apache.poi.xssf.usermodel.Row
 @ line 5, column 1.
   import org.apache.poi.xssf.usermodel.Row;
   ^

Script321.groovy: 6: unable to resolve class org.apache.poi.xssf.usermodel.Cell
 @ line 6, column 1.
   import org.apache.poi.xssf.usermodel.Cell;
   ^

2 errors

	at org.codehaus.groovy.control.ErrorCollector.failIfErrors(ErrorCollector.java:310) ~[groovy-all-2.4.12.jar:2.4.12]
	at org.codehaus.groovy.control.CompilationUnit.applyToSourceUnits(CompilationUnit.java:958) ~[groovy-all-2.4.12.jar:2.4.12]
	at org.codehaus.groovy.control.CompilationUnit.doPhaseOperation(CompilationUnit.java:605) ~[groovy-all-2.4.12.jar:2.4.12]
	at org.codehaus.groovy.control.CompilationUnit.compile(CompilationUnit.java:554) ~[groovy-all-2.4.12.jar:2.4.12]
	at groovy.lang.GroovyClassLoader.doParseClass(GroovyClassLoader.java:298) ~[groovy-all-2.4.12.jar:2.4.12]
	at groovy.lang.GroovyClassLoader.parseClass(GroovyClassLoader.java:268) ~[groovy-all-2.4.12.jar:2.4.12]
	at groovy.lang.GroovyClassLoader.parseClass(GroovyClassLoader.java:254) ~[groovy-all-2.4.12.jar:2.4.12]
	at groovy.lang.GroovyClassLoader.parseClass(GroovyClassLoader.java:211) ~[groovy-all-2.4.12.jar:2.4.12]
	at org.codehaus.groovy.jsr223.GroovyScriptEngineImpl.getScriptClass(GroovyScriptEngineImpl.java:331) ~[groovy-all-2.4.12.jar:2.4.12]
	at org.codehaus.groovy.jsr223.GroovyScriptEngineImpl.eval(GroovyScriptEngineImpl.java:153) ~[groovy-all-2.4.12.jar:2.4.12]
	... 8 more
2020-06-07 16:42:16,937 ERROR o.a.j.e.JSR223PostProcessor: Problem in JSR223 script, JSR223 PostProcessor
javax.script.ScriptException: org.codehaus.groovy.control.MultipleCompilationErrorsException: startup failed:
Script323.groovy: 5: unable to resolve class org.apache.poi.xssf.usermodel.Row
 @ line 5, column 1.
   import org.apache.poi.xssf.usermodel.Row;
   ^

Script323.groovy: 6: unable to resolve class org.apache.poi.xssf.usermodel.Cell
 @ line 6, column 1.
   import org.apache.poi.xssf.usermodel.Cell;
   ^

2 errors

	at org.codehaus.groovy.jsr223.GroovyScriptEngineImpl.eval(GroovyScriptEngineImpl.java:158) ~[groovy-all-2.4.12.jar:2.4.12]
	at javax.script.AbstractScriptEngine.eval(Unknown Source) ~[?:1.8.0_241]
	at org.apache.jmeter.util.JSR223TestElement.processFileOrScript(JSR223TestElement.java:222) ~[ApacheJMeter_core.jar:3.3 r1808647]
	at org.apache.jmeter.extractor.JSR223PostProcessor.process(JSR223PostProcessor.java:42) [ApacheJMeter_components.jar:3.3 r1808647]
	at org.apache.jmeter.threads.JMeterThread.runPostProcessors(JMeterThread.java:833) [ApacheJMeter_core.jar:3.3 r1808647]
	at org.apache.jmeter.threads.JMeterThread.executeSamplePackage(JMeterThread.java:524) [ApacheJMeter_core.jar:3.3 r1808647]
	at org.apache.jmeter.threads.JMeterThread.processSampler(JMeterThread.java:424) [ApacheJMeter_core.jar:3.3 r1808647]
	at org.apache.jmeter.threads.JMeterThread.run(JMeterThread.java:255) [ApacheJMeter_core.jar:3.3 r1808647]
	at java.lang.Thread.run(Unknown Source) [?:1.8.0_241]
Caused by: org.codehaus.groovy.control.MultipleCompilationErrorsException: startup failed:
Script323.groovy: 5: unable to resolve class org.apache.poi.xssf.usermodel.Row
 @ line 5, column 1.
   import org.apache.poi.xssf.usermodel.Row;
   ^

Script323.groovy: 6: unable to resolve class org.apache.poi.xssf.usermodel.Cell
 @ line 6, column 1.
   import org.apache.poi.xssf.usermodel.Cell;
   ^

2 errors

	at org.codehaus.groovy.control.ErrorCollector.failIfErrors(ErrorCollector.java:310) ~[groovy-all-2.4.12.jar:2.4.12]
	at org.codehaus.groovy.control.CompilationUnit.applyToSourceUnits(CompilationUnit.java:958) ~[groovy-all-2.4.12.jar:2.4.12]
	at org.codehaus.groovy.control.CompilationUnit.doPhaseOperation(CompilationUnit.java:605) ~[groovy-all-2.4.12.jar:2.4.12]
	at org.codehaus.groovy.control.CompilationUnit.compile(CompilationUnit.java:554) ~[groovy-all-2.4.12.jar:2.4.12]
	at groovy.lang.GroovyClassLoader.doParseClass(GroovyClassLoader.java:298) ~[groovy-all-2.4.12.jar:2.4.12]
	at groovy.lang.GroovyClassLoader.parseClass(GroovyClassLoader.java:268) ~[groovy-all-2.4.12.jar:2.4.12]
	at groovy.lang.GroovyClassLoader.parseClass(GroovyClassLoader.java:254) ~[groovy-all-2.4.12.jar:2.4.12]
	at groovy.lang.GroovyClassLoader.parseClass(GroovyClassLoader.java:211) ~[groovy-all-2.4.12.jar:2.4.12]
	at org.codehaus.groovy.jsr223.GroovyScriptEngineImpl.getScriptClass(GroovyScriptEngineImpl.java:331) ~[groovy-all-2.4.12.jar:2.4.12]
	at org.codehaus.groovy.jsr223.GroovyScriptEngineImpl.eval(GroovyScriptEngineImpl.java:153) ~[groovy-all-2.4.12.jar:2.4.12]
	... 8 more
2020-06-07 16:42:33,528 ERROR o.a.j.e.JSR223PostProcessor: Problem in JSR223 script, JSR223 PostProcessor
javax.script.ScriptException: org.codehaus.groovy.control.MultipleCompilationErrorsException: startup failed:
Script325.groovy: 5: unable to resolve class org.apache.poi.xssf.usermodel.Row
 @ line 5, column 1.
   import org.apache.poi.xssf.usermodel.Row;
   ^

Script325.groovy: 6: unable to resolve class org.apache.poi.xssf.usermodel.Cell
 @ line 6, column 1.
   import org.apache.poi.xssf.usermodel.Cell;
   ^

2 errors

	at org.codehaus.groovy.jsr223.GroovyScriptEngineImpl.eval(GroovyScriptEngineImpl.java:158) ~[groovy-all-2.4.12.jar:2.4.12]
	at javax.script.AbstractScriptEngine.eval(Unknown Source) ~[?:1.8.0_241]
	at org.apache.jmeter.util.JSR223TestElement.processFileOrScript(JSR223TestElement.java:222) ~[ApacheJMeter_core.jar:3.3 r1808647]
	at org.apache.jmeter.extractor.JSR223PostProcessor.process(JSR223PostProcessor.java:42) [ApacheJMeter_components.jar:3.3 r1808647]
	at org.apache.jmeter.threads.JMeterThread.runPostProcessors(JMeterThread.java:833) [ApacheJMeter_core.jar:3.3 r1808647]
	at org.apache.jmeter.threads.JMeterThread.executeSamplePackage(JMeterThread.java:524) [ApacheJMeter_core.jar:3.3 r1808647]
	at org.apache.jmeter.threads.JMeterThread.processSampler(JMeterThread.java:424) [ApacheJMeter_core.jar:3.3 r1808647]
	at org.apache.jmeter.threads.JMeterThread.run(JMeterThread.java:255) [ApacheJMeter_core.jar:3.3 r1808647]
	at java.lang.Thread.run(Unknown Source) [?:1.8.0_241]
Caused by: org.codehaus.groovy.control.MultipleCompilationErrorsException: startup failed:
Script325.groovy: 5: unable to resolve class org.apache.poi.xssf.usermodel.Row
 @ line 5, column 1.
   import org.apache.poi.xssf.usermodel.Row;
   ^

Script325.groovy: 6: unable to resolve class org.apache.poi.xssf.usermodel.Cell
 @ line 6, column 1.
   import org.apache.poi.xssf.usermodel.Cell;
   ^

2 errors

	at org.codehaus.groovy.control.ErrorCollector.failIfErrors(ErrorCollector.java:310) ~[groovy-all-2.4.12.jar:2.4.12]
	at org.codehaus.groovy.control.CompilationUnit.applyToSourceUnits(CompilationUnit.java:958) ~[groovy-all-2.4.12.jar:2.4.12]
	at org.codehaus.groovy.control.CompilationUnit.doPhaseOperation(CompilationUnit.java:605) ~[groovy-all-2.4.12.jar:2.4.12]
	at org.codehaus.groovy.control.CompilationUnit.compile(CompilationUnit.java:554) ~[groovy-all-2.4.12.jar:2.4.12]
	at groovy.lang.GroovyClassLoader.doParseClass(GroovyClassLoader.java:298) ~[groovy-all-2.4.12.jar:2.4.12]
	at groovy.lang.GroovyClassLoader.parseClass(GroovyClassLoader.java:268) ~[groovy-all-2.4.12.jar:2.4.12]
	at groovy.lang.GroovyClassLoader.parseClass(GroovyClassLoader.java:254) ~[groovy-all-2.4.12.jar:2.4.12]
	at groovy.lang.GroovyClassLoader.parseClass(GroovyClassLoader.java:211) ~[groovy-all-2.4.12.jar:2.4.12]
	at org.codehaus.groovy.jsr223.GroovyScriptEngineImpl.getScriptClass(GroovyScriptEngineImpl.java:331) ~[groovy-all-2.4.12.jar:2.4.12]
	at org.codehaus.groovy.jsr223.GroovyScriptEngineImpl.eval(GroovyScriptEngineImpl.java:153) ~[groovy-all-2.4.12.jar:2.4.12]
	... 8 more
2020-06-07 16:42:35,413 INFO o.a.j.m.JSR223PreProcessor: *************************************************************************************
2020-06-07 16:42:35,413 INFO o.a.j.m.JSR223PreProcessor: CreditCardNumberNew4111111111111111
2020-06-07 16:43:26,252 INFO o.a.j.t.JMeterThread: Thread is done: Thread Group  1-1
2020-06-07 16:43:26,252 INFO o.a.j.t.JMeterThread: Thread finished: Thread Group  1-1
2020-06-07 16:43:26,262 INFO o.a.j.e.StandardJMeterEngine: Notifying test listeners of end of test
2020-06-07 16:43:26,262 INFO o.a.j.s.FileServer: Close: Credentials.csv
2020-06-07 16:43:26,262 INFO o.a.j.s.FileServer: Close: CampusProjectDataDriven.csv
2020-06-07 16:43:26,262 INFO o.a.j.s.FileServer: Close: GroupProjectDataDriven.csv
2020-06-07 16:43:26,262 INFO o.a.j.s.FileServer: Close: HomesDataDriven.csv
2020-06-07 16:43:26,262 INFO o.a.j.s.FileServer: Close: DataDriven.csv
2020-06-07 16:43:26,272 INFO o.a.j.g.u.JMeterMenuBar: setRunning(false, *local*)
2020-06-07 18:29:56,512 INFO o.a.j.e.StandardJMeterEngine: Running the test!
2020-06-07 18:29:56,513 INFO o.a.j.s.SampleEvent: List of sample_variables: []
2020-06-07 18:29:56,556 INFO o.a.j.g.u.JMeterMenuBar: setRunning(true, *local*)
2020-06-07 18:29:57,388 INFO o.a.j.e.StandardJMeterEngine: Starting ThreadGroup: 1 : Thread Group 
2020-06-07 18:29:57,388 INFO o.a.j.e.StandardJMeterEngine: Starting 1 threads for group Thread Group .
2020-06-07 18:29:57,388 INFO o.a.j.e.StandardJMeterEngine: Thread will continue on error
2020-06-07 18:29:57,388 INFO o.a.j.t.ThreadGroup: Starting thread group... number=1 threads=1 ramp-up=25 perThread=25000.0 delayedStart=false
2020-06-07 18:29:57,398 INFO o.a.j.t.ThreadGroup: Started thread group number 1
2020-06-07 18:29:57,398 INFO o.a.j.e.StandardJMeterEngine: All thread groups have been started
2020-06-07 18:29:57,428 INFO o.a.j.t.JMeterThread: Thread started: Thread Group  1-1
2020-06-07 18:29:57,428 INFO o.a.j.s.FileServer: Stored: Credentials.csv
2020-06-07 18:29:59,815 WARN c.h.c.r.e.LoggingCSSParseErrorHandler: Browser compliant mode skipped CSS from [9:43813] starting at token '-webkit-box-shadow' until [9:43874] to token '}' (based on com.helger.css.parser.ParseException: Encountered unexpected token: ":" ":"
    at line 9, column 43831.

Was expecting one of:

    "+"
    "-"
    "/"
    ";"
    "="
    "["
    "and"
    "expression("
    "from"
    "inherit"
    "not"
    "only"
    "or"
    "to"
    "}"
    <ANGLE_DEG>
    <ANGLE_GRAD>
    <ANGLE_RAD>
    <ANGLE_TURN>
    <CH>
    <COMMA>
    <DPCM>
    <DPI>
    <DPPX>
    <EM>
    <EX>
    <FR>
    <FREQ_HZ>
    <FREQ_KHZ>
    <FUNCTION>
    <FUNCTION_CALC>
    <HASH>
    <IDENT>
    <IMPORTANT_SYM>
    <LENGTH_CM>
    <LENGTH_IN>
    <LENGTH_MM>
    <LENGTH_PC>
    <LENGTH_PT>
    <LENGTH_Q>
    <NUMBER>
    <PERCENTAGE>
    <PX>
    <REM>
    <S>
    <STRING1>
    <STRING2>
    <TIME_MS>
    <TIME_S>
    <URANGE>
    <URL>
    <VH>
    <VMAX>
    <VMIN>
    <VW>
)
2020-06-07 18:30:00,244 WARN c.h.c.r.e.LoggingCSSParseErrorHandler: Browser compliant mode skipped CSS from [17:97395] starting at token ' ' until [17:97406] to token '}' (based on com.helger.css.parser.ParseException: Encountered unexpected token: "color" <IDENT>
    at line 17, column 97396.

Was expecting one of:

    ":"
    <S>
)
2020-06-07 18:30:00,493 INFO o.a.j.s.FileServer: Stored: DataDriven.csv
2020-06-07 18:30:12,050 WARN c.h.c.r.e.LoggingCSSParseErrorHandler: Browser compliant mode skipped CSS from [3491:30] starting at token 'active' until [3498:1] to token '}' (based on com.helger.css.parser.ParseException: Encountered unexpected token: ";" ";"
    at line 3491, column 36.

Was expecting one of:

    "."
    ":"
    ":not("
    "["
    <COMMA>
    <HASH>
    <LBRACE>
    <S>
)
2020-06-07 18:30:12,057 WARN c.h.c.r.e.LoggingCSSParseErrorHandler: Browser compliant mode skipped CSS from [3560:49] starting at token '
' until [3564:17] to token '}' (based on com.helger.css.parser.ParseException: Encountered unexpected token: "\r\n{" <LBRACE>
    at line 3561, column 48.

Was expecting one of:

    "."
    ":"
    ":not("
    "["
    <HASH>
    <PERCENTAGE>
    <S>
)
2020-06-07 18:30:12,073 WARN c.h.c.r.e.LoggingCSSParseErrorHandler: Browser compliant mode skipped CSS from [3672:40] starting at token '
		' until [3679:9] to token '}' (based on com.helger.css.parser.ParseException: Encountered unexpected token: "\r\n\t\t{" <LBRACE>
    at line 3673, column 55.

Was expecting one of:

    "."
    ":"
    ":not("
    "["
    <HASH>
    <PERCENTAGE>
    <S>
)
2020-06-07 18:30:12,074 WARN c.h.c.r.e.LoggingCSSParseErrorHandler: Browser compliant mode skipped CSS from [3684:41] starting at token '
		' until [3693:9] to token '}' (based on com.helger.css.parser.ParseException: Encountered unexpected token: "\r\n\t\t{" <LBRACE>
    at line 3685, column 56.

Was expecting one of:

    "."
    ":"
    ":not("
    "["
    <HASH>
    <PERCENTAGE>
    <S>
)
2020-06-07 18:30:12,123 WARN c.h.c.r.e.LoggingCSSParseErrorHandler: Browser compliant mode skipped CSS from [4580:17] starting at token ' ' until [4580:18] to token ';' (based on com.helger.css.parser.ParseException: Encountered unexpected token: ";" ";"
    at line 4580, column 18.

Was expecting one of:

    "+"
    "-"
    "["
    "and"
    "expression("
    "from"
    "inherit"
    "not"
    "only"
    "or"
    "to"
    <ANGLE_DEG>
    <ANGLE_GRAD>
    <ANGLE_RAD>
    <ANGLE_TURN>
    <CH>
    <DPCM>
    <DPI>
    <DPPX>
    <EM>
    <EX>
    <FR>
    <FREQ_HZ>
    <FREQ_KHZ>
    <FUNCTION>
    <FUNCTION_CALC>
    <HASH>
    <IDENT>
    <LENGTH_CM>
    <LENGTH_IN>
    <LENGTH_MM>
    <LENGTH_PC>
    <LENGTH_PT>
    <LENGTH_Q>
    <NUMBER>
    <PERCENTAGE>
    <PX>
    <REM>
    <S>
    <STRING1>
    <STRING2>
    <TIME_MS>
    <TIME_S>
    <URANGE>
    <URL>
    <VH>
    <VMAX>
    <VMIN>
    <VW>
)
2020-06-07 18:30:13,119 INFO o.a.j.m.JSR223PreProcessor: *************************************************************************************
2020-06-07 18:30:13,122 INFO o.a.j.m.JSR223PreProcessor: CreditCardNumberNew4111111111111111
2020-06-07 18:31:10,960 INFO o.a.j.m.JSR223PreProcessor: *************************************************************************************
2020-06-07 18:31:10,964 INFO o.a.j.m.JSR223PreProcessor: CreditCardNumberNew4111111111111111
2020-06-07 18:31:23,458 INFO o.a.j.m.JSR223PreProcessor: *************************************************************************************
2020-06-07 18:31:23,459 INFO o.a.j.m.JSR223PreProcessor: CreditCardNumberNew4111111111111111
2020-06-07 18:31:40,693 INFO o.a.j.s.FileServer: Stored: GroupProjectDataDriven.csv
2020-06-07 18:31:54,049 INFO o.a.j.m.JSR223PreProcessor: *************************************************************************************
2020-06-07 18:31:54,049 INFO o.a.j.m.JSR223PreProcessor: CreditCardNumberNew4111111111111111
2020-06-07 18:32:14,430 INFO o.a.j.s.FileServer: Stored: HomesDataDriven.csv
2020-06-07 18:32:26,251 INFO o.a.j.m.JSR223PreProcessor: *************************************************************************************
2020-06-07 18:32:26,251 INFO o.a.j.m.JSR223PreProcessor: CreditCardNumberNew4111111111111111
2020-06-07 18:32:30,463 INFO o.a.j.s.FileServer: Stored: CampusProjectDataDriven.csv
2020-06-07 18:32:43,563 INFO o.a.j.e.JSR223PostProcessor: filename value = ========================================================================================
2020-06-07 18:32:45,124 INFO o.a.j.e.JSR223PostProcessor: filename value = ========================================================================================
2020-06-07 18:33:01,703 INFO o.a.j.e.JSR223PostProcessor: filename value = ========================================================================================
2020-06-07 18:33:03,758 INFO o.a.j.m.JSR223PreProcessor: *************************************************************************************
2020-06-07 18:33:03,759 INFO o.a.j.m.JSR223PreProcessor: CreditCardNumberNew4111111111111111
2020-06-07 18:33:06,427 INFO o.a.j.t.JMeterThread: Thread is done: Thread Group  1-1
2020-06-07 18:33:06,427 INFO o.a.j.t.JMeterThread: Thread finished: Thread Group  1-1
2020-06-07 18:33:06,434 INFO o.a.j.e.StandardJMeterEngine: Notifying test listeners of end of test
2020-06-07 18:33:06,435 INFO o.a.j.s.FileServer: Close: Credentials.csv
2020-06-07 18:33:06,436 INFO o.a.j.s.FileServer: Close: CampusProjectDataDriven.csv
2020-06-07 18:33:06,436 INFO o.a.j.s.FileServer: Close: GroupProjectDataDriven.csv
2020-06-07 18:33:06,437 INFO o.a.j.s.FileServer: Close: HomesDataDriven.csv
2020-06-07 18:33:06,437 INFO o.a.j.s.FileServer: Close: DataDriven.csv
2020-06-07 18:33:06,438 INFO o.a.j.g.u.JMeterMenuBar: setRunning(false, *local*)
2020-06-07 18:39:23,365 INFO o.a.j.e.StandardJMeterEngine: Running the test!
2020-06-07 18:39:23,366 INFO o.a.j.s.SampleEvent: List of sample_variables: []
2020-06-07 18:39:23,399 INFO o.a.j.g.u.JMeterMenuBar: setRunning(true, *local*)
2020-06-07 18:39:24,488 INFO o.a.j.e.StandardJMeterEngine: Starting ThreadGroup: 1 : Thread Group 
2020-06-07 18:39:24,489 INFO o.a.j.e.StandardJMeterEngine: Starting 1 threads for group Thread Group .
2020-06-07 18:39:24,489 INFO o.a.j.e.StandardJMeterEngine: Thread will continue on error
2020-06-07 18:39:24,494 INFO o.a.j.t.ThreadGroup: Starting thread group... number=1 threads=1 ramp-up=25 perThread=25000.0 delayedStart=false
2020-06-07 18:39:24,507 INFO o.a.j.t.ThreadGroup: Started thread group number 1
2020-06-07 18:39:24,507 INFO o.a.j.e.StandardJMeterEngine: All thread groups have been started
2020-06-07 18:39:24,545 INFO o.a.j.t.JMeterThread: Thread started: Thread Group  1-1
2020-06-07 18:39:24,547 INFO o.a.j.s.FileServer: Stored: Credentials.csv
2020-06-07 18:39:26,590 INFO o.a.j.s.FileServer: Stored: DataDriven.csv
2020-06-07 18:39:37,674 INFO o.a.j.m.JSR223PreProcessor: *************************************************************************************
2020-06-07 18:39:37,675 INFO o.a.j.m.JSR223PreProcessor: CreditCardNumberNew4111111111111111
2020-06-07 18:40:34,027 INFO o.a.j.m.JSR223PreProcessor: *************************************************************************************
2020-06-07 18:40:34,028 INFO o.a.j.m.JSR223PreProcessor: CreditCardNumberNew4111111111111111
2020-06-07 18:40:47,563 INFO o.a.j.m.JSR223PreProcessor: *************************************************************************************
2020-06-07 18:40:47,564 INFO o.a.j.m.JSR223PreProcessor: CreditCardNumberNew4111111111111111
2020-06-07 18:41:05,164 INFO o.a.j.s.FileServer: Stored: GroupProjectDataDriven.csv
2020-06-07 18:41:18,146 INFO o.a.j.m.JSR223PreProcessor: *************************************************************************************
2020-06-07 18:41:18,146 INFO o.a.j.m.JSR223PreProcessor: CreditCardNumberNew4111111111111111
2020-06-07 18:41:20,044 INFO o.a.j.s.FileServer: Stored: HomesDataDriven.csv
2020-06-07 18:41:31,891 INFO o.a.j.m.JSR223PreProcessor: *************************************************************************************
2020-06-07 18:41:31,891 INFO o.a.j.m.JSR223PreProcessor: CreditCardNumberNew4111111111111111
2020-06-07 18:41:35,787 INFO o.a.j.s.FileServer: Stored: CampusProjectDataDriven.csv
2020-06-07 18:41:52,103 INFO o.a.j.e.JSR223PostProcessor: filename value = ========================================================================================
2020-06-07 18:41:53,135 INFO o.a.j.e.JSR223PostProcessor: filename value = ========================================================================================
2020-06-07 18:42:09,681 INFO o.a.j.e.JSR223PostProcessor: filename value = ========================================================================================
2020-06-07 18:42:11,532 INFO o.a.j.m.JSR223PreProcessor: *************************************************************************************
2020-06-07 18:42:11,532 INFO o.a.j.m.JSR223PreProcessor: CreditCardNumberNew4111111111111111
2020-06-07 18:42:58,980 INFO o.a.j.t.JMeterThread: Thread is done: Thread Group  1-1
2020-06-07 18:42:58,980 INFO o.a.j.t.JMeterThread: Thread finished: Thread Group  1-1
2020-06-07 18:42:59,070 INFO o.a.j.e.StandardJMeterEngine: Notifying test listeners of end of test
2020-06-07 18:42:59,070 INFO o.a.j.s.FileServer: Close: Credentials.csv
2020-06-07 18:42:59,080 INFO o.a.j.s.FileServer: Close: CampusProjectDataDriven.csv
2020-06-07 18:42:59,080 INFO o.a.j.s.FileServer: Close: GroupProjectDataDriven.csv
2020-06-07 18:42:59,080 INFO o.a.j.s.FileServer: Close: HomesDataDriven.csv
2020-06-07 18:42:59,080 INFO o.a.j.s.FileServer: Close: DataDriven.csv
2020-06-07 18:42:59,080 INFO o.a.j.g.u.JMeterMenuBar: setRunning(false, *local*)
2020-06-08 11:39:44,376 INFO o.a.j.e.StandardJMeterEngine: Running the test!
2020-06-08 11:39:44,376 INFO o.a.j.s.SampleEvent: List of sample_variables: []
2020-06-08 11:39:44,406 INFO o.a.j.g.u.JMeterMenuBar: setRunning(true, *local*)
2020-06-08 11:39:45,360 INFO o.a.j.e.StandardJMeterEngine: Starting ThreadGroup: 1 : Thread Group 
2020-06-08 11:39:45,361 INFO o.a.j.e.StandardJMeterEngine: Starting 1 threads for group Thread Group .
2020-06-08 11:39:45,361 INFO o.a.j.e.StandardJMeterEngine: Thread will continue on error
2020-06-08 11:39:45,361 INFO o.a.j.t.ThreadGroup: Starting thread group... number=1 threads=1 ramp-up=25 perThread=25000.0 delayedStart=false
2020-06-08 11:39:45,364 INFO o.a.j.t.ThreadGroup: Started thread group number 1
2020-06-08 11:39:45,364 INFO o.a.j.e.StandardJMeterEngine: All thread groups have been started
2020-06-08 11:39:45,400 INFO o.a.j.t.JMeterThread: Thread started: Thread Group  1-1
2020-06-08 11:39:45,401 INFO o.a.j.s.FileServer: Stored: Credentials.csv
2020-06-08 11:39:47,335 WARN c.h.c.r.e.LoggingCSSParseErrorHandler: Browser compliant mode skipped CSS from [9:43813] starting at token '-webkit-box-shadow' until [9:43874] to token '}' (based on com.helger.css.parser.ParseException: Encountered unexpected token: ":" ":"
    at line 9, column 43831.

Was expecting one of:

    "+"
    "-"
    "/"
    ";"
    "="
    "["
    "and"
    "expression("
    "from"
    "inherit"
    "not"
    "only"
    "or"
    "to"
    "}"
    <ANGLE_DEG>
    <ANGLE_GRAD>
    <ANGLE_RAD>
    <ANGLE_TURN>
    <CH>
    <COMMA>
    <DPCM>
    <DPI>
    <DPPX>
    <EM>
    <EX>
    <FR>
    <FREQ_HZ>
    <FREQ_KHZ>
    <FUNCTION>
    <FUNCTION_CALC>
    <HASH>
    <IDENT>
    <IMPORTANT_SYM>
    <LENGTH_CM>
    <LENGTH_IN>
    <LENGTH_MM>
    <LENGTH_PC>
    <LENGTH_PT>
    <LENGTH_Q>
    <NUMBER>
    <PERCENTAGE>
    <PX>
    <REM>
    <S>
    <STRING1>
    <STRING2>
    <TIME_MS>
    <TIME_S>
    <URANGE>
    <URL>
    <VH>
    <VMAX>
    <VMIN>
    <VW>
)
2020-06-08 11:39:47,712 WARN c.h.c.r.e.LoggingCSSParseErrorHandler: Browser compliant mode skipped CSS from [17:97395] starting at token ' ' until [17:97406] to token '}' (based on com.helger.css.parser.ParseException: Encountered unexpected token: "color" <IDENT>
    at line 17, column 97396.

Was expecting one of:

    ":"
    <S>
)
2020-06-08 11:39:47,959 INFO o.a.j.s.FileServer: Stored: DataDriven.csv
2020-06-08 11:39:57,484 WARN c.h.c.r.e.LoggingCSSParseErrorHandler: Browser compliant mode skipped CSS from [3491:30] starting at token 'active' until [3498:1] to token '}' (based on com.helger.css.parser.ParseException: Encountered unexpected token: ";" ";"
    at line 3491, column 36.

Was expecting one of:

    "."
    ":"
    ":not("
    "["
    <COMMA>
    <HASH>
    <LBRACE>
    <S>
)
2020-06-08 11:39:57,491 WARN c.h.c.r.e.LoggingCSSParseErrorHandler: Browser compliant mode skipped CSS from [3560:49] starting at token '
' until [3564:17] to token '}' (based on com.helger.css.parser.ParseException: Encountered unexpected token: "\r\n{" <LBRACE>
    at line 3561, column 48.

Was expecting one of:

    "."
    ":"
    ":not("
    "["
    <HASH>
    <PERCENTAGE>
    <S>
)
2020-06-08 11:39:57,505 WARN c.h.c.r.e.LoggingCSSParseErrorHandler: Browser compliant mode skipped CSS from [3672:40] starting at token '
		' until [3679:9] to token '}' (based on com.helger.css.parser.ParseException: Encountered unexpected token: "\r\n\t\t{" <LBRACE>
    at line 3673, column 55.

Was expecting one of:

    "."
    ":"
    ":not("
    "["
    <HASH>
    <PERCENTAGE>
    <S>
)
2020-06-08 11:39:57,507 WARN c.h.c.r.e.LoggingCSSParseErrorHandler: Browser compliant mode skipped CSS from [3684:41] starting at token '
		' until [3693:9] to token '}' (based on com.helger.css.parser.ParseException: Encountered unexpected token: "\r\n\t\t{" <LBRACE>
    at line 3685, column 56.

Was expecting one of:

    "."
    ":"
    ":not("
    "["
    <HASH>
    <PERCENTAGE>
    <S>
)
2020-06-08 11:39:57,554 WARN c.h.c.r.e.LoggingCSSParseErrorHandler: Browser compliant mode skipped CSS from [4580:17] starting at token ' ' until [4580:18] to token ';' (based on com.helger.css.parser.ParseException: Encountered unexpected token: ";" ";"
    at line 4580, column 18.

Was expecting one of:

    "+"
    "-"
    "["
    "and"
    "expression("
    "from"
    "inherit"
    "not"
    "only"
    "or"
    "to"
    <ANGLE_DEG>
    <ANGLE_GRAD>
    <ANGLE_RAD>
    <ANGLE_TURN>
    <CH>
    <DPCM>
    <DPI>
    <DPPX>
    <EM>
    <EX>
    <FR>
    <FREQ_HZ>
    <FREQ_KHZ>
    <FUNCTION>
    <FUNCTION_CALC>
    <HASH>
    <IDENT>
    <LENGTH_CM>
    <LENGTH_IN>
    <LENGTH_MM>
    <LENGTH_PC>
    <LENGTH_PT>
    <LENGTH_Q>
    <NUMBER>
    <PERCENTAGE>
    <PX>
    <REM>
    <S>
    <STRING1>
    <STRING2>
    <TIME_MS>
    <TIME_S>
    <URANGE>
    <URL>
    <VH>
    <VMAX>
    <VMIN>
    <VW>
)
2020-06-08 11:39:58,704 INFO o.a.j.m.JSR223PreProcessor: *************************************************************************************
2020-06-08 11:39:58,708 INFO o.a.j.m.JSR223PreProcessor: CreditCardNumberNew4111111111111111
2020-06-08 11:40:54,866 INFO o.a.j.m.JSR223PreProcessor: *************************************************************************************
2020-06-08 11:40:54,866 INFO o.a.j.m.JSR223PreProcessor: CreditCardNumberNew4111111111111111
2020-06-08 11:40:56,929 INFO o.a.j.t.JMeterThread: Thread is done: Thread Group  1-1
2020-06-08 11:40:56,929 INFO o.a.j.t.JMeterThread: Thread finished: Thread Group  1-1
2020-06-08 11:40:56,935 INFO o.a.j.e.StandardJMeterEngine: Notifying test listeners of end of test
2020-06-08 11:40:56,935 INFO o.a.j.s.FileServer: Close: Credentials.csv
2020-06-08 11:40:56,936 INFO o.a.j.s.FileServer: Close: DataDriven.csv
2020-06-08 11:40:56,937 INFO o.a.j.g.u.JMeterMenuBar: setRunning(false, *local*)
